Microsoft (R) Help Compiler
HCRTF 4.03.0002
Copyright (c) Microsoft Corp 1990 - 1995. All rights reserved.
Koteln.hpj
    HC1012: Note: topic #8 of E:\PR2TRM_1\Help\Koteln\Koteln.rtf : 
	Table cell borders are not supported.
    HC1012: Note: topic #9 of E:\PR2TRM_1\Help\Koteln\Koteln.rtf : 
	Table cell borders are not supported.
    HC1012: Note: topic #10 of E:\PR2TRM_1\Help\Koteln\Koteln.rtf : 
	Table cell borders are not supported.
    HC1012: Note: topic #21 of E:\PR2TRM_1\Help\Koteln\Koteln.rtf : 
	Table cell borders are not supported.
    HC1012: Note: topic #22 of E:\PR2TRM_1\Help\Koteln\Koteln.rtf : 
	Table cell borders are not supported.
    HC1012: Note: topic #23 of E:\PR2TRM_1\Help\Koteln\Koteln.rtf : 
	Table cell borders are not supported.
    HC1012: Note: topic #30 of E:\PR2TRM_1\Help\Koteln\Koteln.rtf : 
	Table cell borders are not supported.
48	Topics
82	Jumps
47	Keywords
2	Bitmaps


Created E:\PR2TRM_1\Help\Koteln\Koteln.hlp, 189,577 bytes
Bitmaps: 11,513 bytes
Compile time: 0 minutes, 0 seconds
7 notes, 0 warnings
